lingxi-cloud/android-app/app/build/outputs/mapping/release/seeds.txt
com.lingxi.app.MainActivity
com.lingxi.app.MainActivity$onCreate$2
com.lingxi.app.WebAppInterface
com.lingxi.app.MainActivity$onCreate$1
com.lingxi.app.WebAppInterface: com.lingxi.app.WebAppInterface$Companion Companion
com.lingxi.app.WebAppInterface: android.app.Activity activity
com.lingxi.app.MainActivity$onCreate$2: com.lingxi.app.MainActivity this$0
com.lingxi.app.MainActivity$onCreate$1: com.lingxi.app.MainActivity this$0
com.lingxi.app.WebAppInterface: android.content.Context context
com.lingxi.app.WebAppInterface: java.lang.String TAG
com.lingxi.app.WebAppInterface: android.webkit.ValueCallback filePathCallback
com.lingxi.app.MainActivity$onCreate$2: MainActivity$onCreate$2(com.lingxi.app.MainActivity)
com.lingxi.app.MainActivity$onCreate$2: void onProgressChanged(android.webkit.WebView,int)
com.lingxi.app.WebAppInterface: void onFileChooserResult(int,android.content.Intent)
com.lingxi.app.MainActivity$onCreate$1: void onPageStarted(android.webkit.WebView,java.lang.String,android.graphics.Bitmap)
com.lingxi.app.WebAppInterface: void showToast(java.lang.String)
com.lingxi.app.WebAppInterface: void setFilePathCallback(android.webkit.ValueCallback)
com.lingxi.app.MainActivity$onCreate$1: MainActivity$onCreate$1(com.lingxi.app.MainActivity)
com.lingxi.app.WebAppInterface: java.lang.String getVersion()
com.lingxi.app.WebAppInterface: void showToast$lambda$0(com.lingxi.app.WebAppInterface,java.lang.String)
com.lingxi.app.MainActivity$onCreate$1: void onPageFinished(android.webkit.WebView,java.lang.String)
com.lingxi.app.WebAppInterface: WebAppInterface(android.content.Context,android.app.Activity)
com.lingxi.app.WebAppInterface: boolean isAndroid()
com.lingxi.app.MainActivity: MainActivity()
com.lingxi.app.MainActivity$onCreate$1: boolean shouldOverrideUrlLoading(android.webkit.WebView,android.webkit.WebResourceRequest)
com.lingxi.app.MainActivity$onCreate$2: boolean onShowFileChooser(android.webkit.WebView,android.webkit.ValueCallback,android.webkit.WebChromeClient$FileChooserParams)
com.lingxi.app.WebAppInterface: java.lang.String getDeviceName()
...
androidx.core.view.ViewCompat$Api15Impl: boolean hasOnClickListeners(android.view.View)
org.chromium.support_lib_boundary.WebMessageCallbackBoundaryInterface: void onMessage(java.lang.reflect.InvocationHandler,java.lang.reflect.InvocationHandler)
androidx.core.view.ViewCompat$Api21Impl: float getTranslationZ(android.view.View)
org.chromium.support_lib_boundary.ScriptHandlerBoundaryInterface: void remove()
androidx.core.view.ViewCompat$Api21Impl: void callCompatInsetAnimationCallback(android.view.WindowInsets,android.view.View)
androidx.core.view.WindowInsetsCompat$Impl21: boolean isConsumed()
com.google.android.material.snackbar.BaseTransientBottomBar$Behavior: BaseTransientBottomBar$Behavior()
androidx.appcompat.widget.AppCompatTextViewAutoSizeHelper$Impl23: AppCompatTextViewAutoSizeHelper$Impl23()
androidx.lifecycle.EmptyActivityLifecycleCallbacks: void onActivityStarted(android.app.Activity)
androidx.core.view.ViewParentCompat$Api21Impl: boolean onNestedPreFling(android.view.ViewParent,android.view.View,float,float)
androidx.lifecycle.ProcessLifecycleOwner$attach$1: void onActivityPaused(android.app.Activity)
androidx.core.view.WindowInsetsCompat$Impl28: androidx.core.view.WindowInsetsCompat consumeDisplayCutout()
androidx.core.graphics.drawable.IconCompatParcelizer: androidx.core.graphics.drawable.IconCompat read(androidx.versionedparcelable.VersionedParcel)
com.google.android.material.appbar.MaterialToolbar: MaterialToolbar(android.content.Context,android.util.AttributeSet)
com.google.android.material.datepicker.MaterialDatePicker: MaterialDatePicker()
androidx.core.widget.ListViewCompat$Api19Impl: boolean canScrollList(android.widget.ListView,int)
androidx.webkit.internal.ApiHelperForOMR1: void backToSafety(android.webkit.SafeBrowsingResponse,boolean)
androidx.core.view.WindowInsetsCompat$BuilderImpl: void setTappableElementInsets(androidx.core.graphics.Insets)
com.google.android.material.behavior.HideBottomViewOnScrollBehavior: HideBottomViewOnScrollBehavior(android.content.Context,android.util.AttributeSet)
androidx.core.view.WindowInsetsCompat$Impl: androidx.core.graphics.Insets getSystemGestureInsets()
com.google.android.material.datepicker.MaterialCalendar: MaterialCalendar()
androidx.core.view.WindowInsetsCompat$BuilderImpl29: androidx.core.view.WindowInsetsCompat build()
androidx.core.app.RemoteActionCompatParcelizer: void write(androidx.core.app.RemoteActionCompat,androidx.versionedparcelable.VersionedParcel)
androidx.core.view.accessibility.AccessibilityNodeInfoCompat$Api19Impl: java.lang.Object createRangeInfo(int,float,float,float)
androidx.core.os.LocaleListCompat$Api24Impl: android.os.LocaleList getDefault()
androidx.core.view.ViewCompat$Api16Impl: void setBackground(android.view.View,android.graphics.drawable.Drawable)
androidx.core.os.BuildCompat$Api30Impl: int getExtensionVersion(int)
org.chromium.support_lib_boundary.DropDataContentProviderBoundaryInterface: void onDragEnd(boolean)
androidx.webkit.WebViewClientCompat: boolean onWebAuthnIntent(android.webkit.WebView,android.app.PendingIntent,java.lang.reflect.InvocationHandler)
androidx.appcompat.widget.AppCompatTextHelper$Api17Impl: android.graphics.drawable.Drawable[] getCompoundDrawablesRelative(android.widget.TextView)
androidx.appcompat.app.AppCompatDelegateImpl$Api17Impl: void setLayoutDirection(android.content.res.Configuration,java.util.Locale)
androidx.core.view.ViewCompat$Api26Impl: void addKeyboardNavigationClusters(android.view.View,java.util.Collection,int)
androidx.core.view.ViewCompat$Api17Impl: int getPaddingEnd(android.view.View)
androidx.appcompat.widget.AppCompatTextHelper$Api26Impl: boolean setFontVariationSettings(android.widget.TextView,java.lang.String)
androidx.core.view.WindowInsetsCompat$Impl: boolean isConsumed()
com.google.android.material.timepicker.ChipTextInputComboView: ChipTextInputComboView(android.content.Context,android.util.AttributeSet)