lingxi-cloud/android-app/app/build/outputs/mapping/release/usage.txt
com.lingxi.app.MainActivity:
    private static final int REQUEST_CODE_FILE_CHOOSER
    private static final int REQUEST_CODE_PERMISSION
    private static final java.lang.String URL
com.lingxi.app.R$color
com.lingxi.app.R$drawable
com.lingxi.app.R$id:
    private void <init>()
com.lingxi.app.R$layout:
    private void <init>()
com.lingxi.app.R$mipmap
com.lingxi.app.R$string
com.lingxi.app.R$style
com.lingxi.app.R$xml
com.lingxi.app.R
com.lingxi.app.MainActivity$Companion
com.lingxi.app.MainActivity:
    public static final androidx.transition.Transition$1 Companion
    static void <clinit>()
    public static void checkPermissions()
com.lingxi.app.R$id
com.lingxi.app.R$layout
com.lingxi.app.WebAppInterface$$InternalSyntheticLambda$1$7a9633a37206e3ae3959473125a7ca044614267f4f7c6ae4cc48106bdc8ac9a0$0
...
androidx.recyclerview.widget.RecyclerView$Recycler:
    static final int DEFAULT_CACHE_SIZE
    public void bindViewToPosition(android.view.View,int)
    void setRecycledViewPool(androidx.recyclerview.widget.RecyclerView$RecycledViewPool)
    void setViewCacheExtension(androidx.recyclerview.widget.RecyclerView$ViewCacheExtension)
    public void setViewCacheSize(int)
androidx.recyclerview.widget.RecyclerView$RecyclerViewDataObserver:
    public void onItemRangeChanged(int,int,java.lang.Object)
    public void onItemRangeInserted(int,int)
    public void onItemRangeMoved(int,int,int)
    public void onItemRangeRemoved(int,int)
    void triggerUpdateProcessor()
androidx.recyclerview.widget.RecyclerView$SimpleOnItemTouchListener
androidx.recyclerview.widget.RecyclerView$SmoothScroller$Action:
    public static final int UNDEFINED_DURATION
    public void <init>(int,int,int)
    public int getDuration()
    public int getDx()
    public int getDy()
    public android.view.animation.Interpolator getInterpolator()
    public void setDuration(int)
    public void setDx(int)
    public void setDy(int)
    public void setInterpolator(android.view.animation.Interpolator)
androidx.recyclerview.widget.RecyclerView$SmoothScroller:
    public void instantScrollToPosition(int)
androidx.recyclerview.widget.RecyclerView$State:
    static final int STEP_ANIMATIONS
    static final int STEP_LAYOUT
    static final int STEP_START
    public boolean didStructureChange()
    public java.lang.Object get(int)
    public int getRemainingScrollHorizontal()
    public int getRemainingScrollVertical()
    public boolean isMeasuring()
    public void put(int,java.lang.Object)
    public void remove(int)
    public boolean willRunSimpleAnimations()
androidx.recyclerview.widget.RecyclerView$ViewCacheExtension:
    public void <init>()
androidx.recyclerview.widget.RecyclerView$ViewHolder:
    static final int FLAG_ADAPTER_FULLUPDATE
    static final int FLAG_ADAPTER_POSITION_UNKNOWN
    static final int FLAG_APPEARED_IN_PRE_LAYOUT
    static final int FLAG_BOUNCED_FROM_HIDDEN_LIST
    static final int FLAG_BOUND
    static final int FLAG_IGNORE
    static final int FLAG_INVALID
    static final int FLAG_MOVED
    static final int FLAG_NOT_RECYCLABLE
    static final int FLAG_REMOVED
    static final int FLAG_RETURNED_FROM_SCRAP
    static final int FLAG_TMP_DETACHED
    static final int FLAG_UPDATE
    static final int PENDING_ACCESSIBILITY_STATE_NOT_SET
    public final int getPosition()
    void stopIgnoring()
androidx.recyclerview.widget.RecyclerView:
    static final boolean DEBUG
    static final int DEFAULT_ORIENTATION
    static final boolean DISPATCH_TEMP_DETACH
    static final long FOREVER_NS
    public static final int HORIZONTAL
    private static final int INVALID_POINTER
    public static final int INVALID_TYPE
    static final int MAX_SCROLL_DURATION
    public static final long NO_ID
    public static final int NO_POSITION
    public static final int SCROLL_STATE_DRAGGING
    public static final int SCROLL_STATE_IDLE
    public static final int SCROLL_STATE_SETTLING
    static final java.lang.String TAG
    public static final int TOUCH_SLOP_DEFAULT
    public static final int TOUCH_SLOP_PAGING
    static final java.lang.String TRACE_BIND_VIEW_TAG
    static final java.lang.String TRACE_CREATE_VIEW_TAG
    private static final java.lang.String TRACE_HANDLE_ADAPTER_UPDATES_TAG
    static final java.lang.String TRACE_NESTED_PREFETCH_TAG
    private static final java.lang.String TRACE_ON_DATA_SET_CHANGE_LAYOUT_TAG
    private static final java.lang.String TRACE_ON_LAYOUT_TAG
    static final java.lang.String TRACE_PREFETCH_TAG
    static final java.lang.String TRACE_SCROLL_TAG
    public static final int UNDEFINED_DURATION
    static final boolean VERBOSE_TRACING
    public static final int VERTICAL
    public void <init>(android.content.Context)
androidx.recyclerview.widget.ScrollbarHelper:
    private void <init>()